<?xml version="1.0" encoding="UTF-8"?>
<!-- Generated by org.testng.reporters.JUnitXMLReporter -->
<testsuite hostname="localhost.localdomain" name="Default test" tests="6" failures="0" timestamp="1 Sep 2016 05:35:31 GMT" time="5.127" errors="0">
  <testcase name="deleteUserByInvalidUsername" time="0.126" classname="com.daniel.spring.dao.UserDaoImplTest"/>
  <testcase name="deleteUserByUsername" time="0.006" classname="com.daniel.spring.dao.UserDaoImplTest"/>
  <testcase name="findAllUsers" time="0.005" classname="com.daniel.spring.dao.UserDaoImplTest"/>
  <testcase name="findById" time="0.041" classname="com.daniel.spring.dao.UserDaoImplTest"/>
  <testcase name="findByUsername" time="0.067" classname="com.daniel.spring.dao.UserDaoImplTest"/>
  <testcase name="saveUser" time="0.093" classname="com.daniel.spring.dao.UserDaoImplTest"/>
</testsuite> <!-- Default test -->
